Unable to capture context for thread 42792 in process 15940, can not generate back trace
Unable to capture context for thread 30216 in process 15940, can not generate back trace
Unable to capture context for thread 39428 in process 15940, can not generate back trace
Unable to capture context for thread 38968 in process 15940, can not generate back trace
Unable to capture context for thread 26024 in process 15940, can not generate back trace
Unable to capture context for thread 34288 in process 15940, can not generate back trace
Unable to capture context for thread 33008 in process 15940, can not generate back trace
Exception at PC 0x00007FFAE5454F69
Exception at PC 0x00007FFA3044E132
Attemped to write at address 0x00007FFA70844AA4
Printing stacktrace...

[0]  [0x00007FFA3044E132]
[1]  [0x00007FFA3044E132]
[2]  [0x00007FFA3044E194]
[3]  [0x00007FFA3009D0D7]
[4]  [0x00007FFA2FF82BCA]
[5]  [0x00007FFA2FF82FD1]
[6]  [0x00007FFA3044EB2F]
[7]  [0x00007FFA3030C19D]
[8]  [0x00007FFA30305942]
[9]  [0x00007FFA30305AB5]
[10] (RtlActivateActivationContextUnsafeFast+0x11d) [0x00007FFAE7CC9A1D]
[11] (LdrShutdownProcess+0x141) [0x00007FFAE7D0DB91]
[12] (RtlExitUserProcess+0xad) [0x00007FFAE7D0DA2D]
[13] (FatalExit+0xb) [0x00007FFAE79DE0AB]
[14] (exit+0x85) [0x00007FFAE795A155]
[15] (initterm_e+0x245) [0x00007FFAE795A7C5]
[16]  [0x00000000004014CD]
[17]  [0x000000000040151B]
[18] (BaseThreadInitThunk+0x14) [0x00007FFAE79D7034]
[19] (RtlUserThreadStart+0x21) [0x00007FFAE7D02651]
Done
