Unable to capture context for thread 3688 in process 35944, can not generate back trace
Unable to capture context for thread 32200 in process 35944, can not generate back trace
Unable to capture context for thread 23776 in process 35944, can not generate back trace
Unable to capture context for thread 1952 in process 35944, can not generate back trace
Unable to capture context for thread 31516 in process 35944, can not generate back trace
Unable to capture context for thread 34452 in process 35944, can not generate back trace
Exception at PC 0x00007FFC81A34F69
Exception at PC 0x00007FFBB30DE132
Attemped to write at address 0x00007FFC00E44AA4
Printing stacktrace...

[0]  [0x00007FFBB30DE132]
[1]  [0x00007FFBB30DE132]
[2]  [0x00007FFBB30DE194]
[3]  [0x00007FFBB2D2D0D7]
[4]  [0x00007FFBB2C12BCA]
[5]  [0x00007FFBB2C12FD1]
[6]  [0x00007FFBB30DEB2F]
[7]  [0x00007FFBB2F9C19D]
[8]  [0x00007FFBB2F95942]
[9]  [0x00007FFBB2F95AB5]
[10] (RtlActivateActivationContextUnsafeFast+0x11d) [0x00007FFC84049A1D]
[11] (LdrShutdownProcess+0x141) [0x00007FFC8408DB91]
[12] (RtlExitUserProcess+0xad) [0x00007FFC8408DA2D]
[13] (FatalExit+0xb) [0x00007FFC8254E0AB]
[14] (exit+0x85) [0x00007FFC8223A155]
[15] (initterm_e+0x245) [0x00007FFC8223A7C5]
[16]  [0x00000000004014CD]
[17]  [0x000000000040151B]
[18] (BaseThreadInitThunk+0x14) [0x00007FFC82547034]
[19] (RtlUserThreadStart+0x21) [0x00007FFC84082651]
Done
