Unable to capture context for thread 8564 in process 9820, can not generate back trace
Unable to capture context for thread 10376 in process 9820, can not generate back trace
Unable to capture context for thread 20816 in process 9820, can not generate back trace
Unable to capture context for thread 14856 in process 9820, can not generate back trace
Exception at PC 0x00007FFF2D5ACD29
Exception at PC 0x00007FFEC4B5E132
Attemped to write at address 0x00007FFEB0614AA4
Printing stacktrace...

[0]  [0x00007FFEC4B5E132]
[1]  [0x00007FFEC4B5E132]
[2]  [0x00007FFEC4B5E194]
[3]  [0x00007FFEC47AD0D7]
[4]  [0x00007FFEC4692BCA]
[5]  [0x00007FFEC4692FD1]
[6]  [0x00007FFEC4B5EB2F]
[7]  [0x00007FFEC4A1C19D]
[8]  [0x00007FFEC4A15942]
[9]  [0x00007FFEC4A15AB5]
[10] (RtlActivateActivationContextUnsafeFast+0x11d) [0x00007FFF2FCE9A1D]
[11] (LdrShutdownProcess+0x24c) [0x00007FFF2FD2DCEC]
[12] (RtlExitUserProcess+0xad) [0x00007FFF2FD2DA7D]
[13] (FatalExit+0xb) [0x00007FFF2F1FE86B]
[14] (exit+0x85) [0x00007FFF2FA2A155]
[15] (initterm_e+0x245) [0x00007FFF2FA2A7C5]
[16]  [0x00000000004014CD]
[17]  [0x000000000040151B]
[18] (BaseThreadInitThunk+0x14) [0x00007FFF2F1F7614]
[19] (RtlUserThreadStart+0x21) [0x00007FFF2FD226A1]
Done
