INFO: [VRFC 10-2263] Analyzing Verilog file "D:/Xilinx/Projects/class_hdmi/class_hdmi.srcs/sources_1/ip/sys_clk/sys_clk_clk_wiz.v" into library xil_defaultlib
INFO: [VRFC 10-311] analyzing module sys_clk_clk_wiz
INFO: [VRFC 10-2263] Analyzing Verilog file "D:/Xilinx/Projects/class_hdmi/class_hdmi.srcs/sources_1/ip/sys_clk/sys_clk.v" into library xil_defaultlib
INFO: [VRFC 10-311] analyzing module sys_clk
INFO: [VRFC 10-2263] Analyzing Verilog file "D:/Xilinx/Projects/class_hdmi/class_hdmi.srcs/sources_1/i2c_master/i2c_config.v" into library xil_defaultlib
INFO: [VRFC 10-311] analyzing module i2c_config
INFO: [VRFC 10-2263] Analyzing Verilog file "D:/Xilinx/Projects/class_hdmi/class_hdmi.srcs/sources_1/i2c_master/i2c_master_bit_ctrl.v" into library xil_defaultlib
INFO: [VRFC 10-311] analyzing module i2c_master_bit_ctrl
INFO: [VRFC 10-2263] Analyzing Verilog file "D:/Xilinx/Projects/class_hdmi/class_hdmi.srcs/sources_1/i2c_master/i2c_master_byte_ctrl.v" into library xil_defaultlib
INFO: [VRFC 10-311] analyzing module i2c_master_byte_ctrl
INFO: [VRFC 10-2263] Analyzing Verilog file "D:/Xilinx/Projects/class_hdmi/class_hdmi.srcs/sources_1/i2c_master/i2c_master_top.v" into library xil_defaultlib
INFO: [VRFC 10-311] analyzing module i2c_master_top
INFO: [VRFC 10-2263] Analyzing Verilog file "D:/Xilinx/Projects/class_hdmi/class_hdmi.srcs/sources_1/i2c_master/lut_sil9134.v" into library xil_defaultlib
INFO: [VRFC 10-311] analyzing module lut_sil9134
INFO: [VRFC 10-2263] Analyzing Verilog file "D:/Xilinx/Projects/class_hdmi/class_hdmi.srcs/sources_1/new/src_gen.v" into library xil_defaultlib
INFO: [VRFC 10-311] analyzing module src_gen
INFO: [VRFC 10-2263] Analyzing Verilog file "D:/Xilinx/Projects/class_hdmi/class_hdmi.srcs/sources_1/new/src.v" into library xil_defaultlib
INFO: [VRFC 10-311] analyzing module src
INFO: [VRFC 10-2263] Analyzing Verilog file "D:/Xilinx/Projects/class_hdmi/class_hdmi.sim/sim_1/behav/xsim/glbl.v" into library xil_defaultlib
INFO: [VRFC 10-311] analyzing module glbl
